[18-05-2018 14:42:20] PayPal\Core\PayPalHttpConnection : INFO: POST https://api.paypal.com/v1/oauth2/token
[18-05-2018 14:42:20] PayPal\Core\PayPalHttpConnection : INFO: Response Status 	: 200
[18-05-2018 14:45:15] PayPal\Core\PayPalHttpConnection : INFO: POST https://api.paypal.com/v1/oauth2/token
[18-05-2018 14:45:16] PayPal\Core\PayPalHttpConnection : INFO: Response Status 	: 200
[18-05-2018 14:45:16] PayPal\Core\PayPalHttpConnection : INFO: POST https://api.paypal.com/v1/payments/payment
[18-05-2018 14:45:16] PayPal\Core\PayPalHttpConnection : INFO: Response Status 	: 201
[18-05-2018 14:45:40] PayPal\Core\PayPalHttpConnection : INFO: POST https://api.paypal.com/v1/oauth2/token
[18-05-2018 14:45:40] PayPal\Core\PayPalHttpConnection : INFO: Response Status 	: 200
[18-05-2018 14:45:40] PayPal\Core\PayPalHttpConnection : INFO: POST https://api.paypal.com/v1/payments/payment
[18-05-2018 14:45:41] PayPal\Core\PayPalHttpConnection : INFO: Response Status 	: 201
[18-05-2018 14:56:03] PayPal\Core\PayPalHttpConnection : INFO: POST https://api.paypal.com/v1/oauth2/token
[18-05-2018 14:56:03] PayPal\Core\PayPalHttpConnection : INFO: Response Status 	: 200
[18-05-2018 14:56:03] PayPal\Core\PayPalHttpConnection : INFO: POST https://api.paypal.com/v1/payments/payment
[18-05-2018 14:56:04] PayPal\Core\PayPalHttpConnection : INFO: Response Status 	: 201
[18-05-2018 14:56:42] PayPal\Core\PayPalHttpConnection : INFO: POST https://api.paypal.com/v1/oauth2/token
[18-05-2018 14:56:42] PayPal\Core\PayPalHttpConnection : INFO: Response Status 	: 200
[18-05-2018 14:59:41] PayPal\Core\PayPalHttpConnection : INFO: POST https://api.paypal.com/v1/oauth2/token
[18-05-2018 14:59:41] PayPal\Core\PayPalHttpConnection : INFO: Response Status 	: 200
[18-05-2018 14:59:41] PayPal\Core\PayPalHttpConnection : INFO: POST https://api.paypal.com/v1/payments/payment
[18-05-2018 14:59:42] PayPal\Core\PayPalHttpConnection : INFO: Response Status 	: 201
[18-05-2018 15:12:19] PayPal\Core\PayPalHttpConnection : INFO: POST https://api.paypal.com/v1/payments/payment
[18-05-2018 15:12:20] PayPal\Core\PayPalHttpConnection : INFO: Response Status 	: 201
[18-05-2018 15:14:49] PayPal\Core\PayPalHttpConnection : INFO: POST https://api.paypal.com/v1/payments/payment
[18-05-2018 15:14:50] PayPal\Core\PayPalHttpConnection : INFO: Response Status 	: 201
[18-05-2018 15:15:07] PayPal\Core\PayPalHttpConnection : INFO: POST https://api.paypal.com/v1/payments/payment
[18-05-2018 15:15:08] PayPal\Core\PayPalHttpConnection : INFO: Response Status 	: 201
[18-05-2018 15:15:15] PayPal\Core\PayPalHttpConnection : INFO: POST https://api.paypal.com/v1/payments/payment
[18-05-2018 15:15:16] PayPal\Core\PayPalHttpConnection : INFO: Response Status 	: 201
[18-05-2018 15:17:59] PayPal\Core\PayPalHttpConnection : INFO: POST https://api.paypal.com/v1/payments/payment
[18-05-2018 15:18:05] PayPal\Core\PayPalHttpConnection : INFO: Response Status 	: 201
[18-05-2018 15:20:34] PayPal\Core\PayPalHttpConnection : INFO: POST https://api.paypal.com/v1/payments/payment
[18-05-2018 15:20:35] PayPal\Core\PayPalHttpConnection : INFO: Response Status 	: 201
[18-05-2018 15:20:36] PayPal\Core\PayPalHttpConnection : INFO: POST https://api.paypal.com/v1/payments/payment
[18-05-2018 15:20:36] PayPal\Core\PayPalHttpConnection : INFO: Response Status 	: 201
[18-05-2018 15:20:36] PayPal\Core\PayPalHttpConnection : INFO: POST https://api.paypal.com/v1/payments/payment
[18-05-2018 15:20:37] PayPal\Core\PayPalHttpConnection : INFO: Response Status 	: 201
[18-05-2018 15:21:17] PayPal\Core\PayPalHttpConnection : INFO: GET https://api.paypal.com/v1/payments/payment/PAY-6BJ42813VA295915YLL7SPBI
[18-05-2018 15:21:18] PayPal\Core\PayPalHttpConnection : INFO: Response Status 	: 200
[18-05-2018 15:21:18] PayPal\Core\PayPalHttpConnection : INFO: GET https://api.paypal.com/v1/payments/payment/PAY-6BJ42813VA295915YLL7SPBI
[18-05-2018 15:21:18] PayPal\Core\PayPalHttpConnection : INFO: Response Status 	: 200
[18-05-2018 15:21:18] PayPal\Core\PayPalHttpConnection : INFO: POST https://api.paypal.com/v1/payments/payment/PAY-6BJ42813VA295915YLL7SPBI/execute
[18-05-2018 15:21:21] PayPal\Core\PayPalHttpConnection : INFO: Response Status 	: 200
[18-05-2018 15:21:21] PayPal\Core\PayPalHttpConnection : INFO: GET https://api.paypal.com/v1/payments/payment/PAY-6BJ42813VA295915YLL7SPBI
[18-05-2018 15:21:21] PayPal\Core\PayPalHttpConnection : INFO: Response Status 	: 200
[18-05-2018 15:49:52] PayPal\Core\PayPalHttpConnection : INFO: POST https://api.paypal.com/v1/payments/payment
[18-05-2018 15:49:53] PayPal\Core\PayPalHttpConnection : INFO: Response Status 	: 201
[18-05-2018 15:49:55] PayPal\Core\PayPalHttpConnection : INFO: POST https://api.paypal.com/v1/payments/payment
[18-05-2018 15:49:55] PayPal\Core\PayPalHttpConnection : INFO: Response Status 	: 201
[18-05-2018 15:50:08] PayPal\Core\PayPalHttpConnection : INFO: POST https://api.paypal.com/v1/payments/payment
[18-05-2018 15:50:08] PayPal\Core\PayPalHttpConnection : INFO: Response Status 	: 201
[18-05-2018 15:55:36] PayPal\Core\PayPalHttpConnection : INFO: POST https://api.paypal.com/v1/payments/payment
[18-05-2018 15:55:37] PayPal\Core\PayPalHttpConnection : INFO: Response Status 	: 201
[18-05-2018 16:19:10] PayPal\Core\PayPalHttpConnection : INFO: POST https://api.paypal.com/v1/payments/payment
[18-05-2018 16:19:11] PayPal\Core\PayPalHttpConnection : INFO: Response Status 	: 201
[18-05-2018 16:21:36] PayPal\Core\PayPalHttpConnection : INFO: POST https://api.paypal.com/v1/payments/payment
[18-05-2018 16:21:37] PayPal\Core\PayPalHttpConnection : INFO: Response Status 	: 201
[18-05-2018 16:23:39] PayPal\Core\PayPalHttpConnection : INFO: POST https://api.paypal.com/v1/payments/payment
[18-05-2018 16:23:39] PayPal\Core\PayPalHttpConnection : INFO: Response Status 	: 201
[18-05-2018 16:24:19] PayPal\Core\PayPalHttpConnection : INFO: POST https://api.paypal.com/v1/payments/payment
[18-05-2018 16:24:20] PayPal\Core\PayPalHttpConnection : INFO: Response Status 	: 201
[18-05-2018 16:24:39] PayPal\Core\PayPalHttpConnection : INFO: POST https://api.paypal.com/v1/payments/payment
[18-05-2018 16:24:41] PayPal\Core\PayPalHttpConnection : INFO: Response Status 	: 201
[18-05-2018 16:26:41] PayPal\Core\PayPalHttpConnection : INFO: POST https://api.sandbox.paypal.com/v1/oauth2/token
[18-05-2018 16:26:42] PayPal\Core\PayPalHttpConnection : INFO: Response Status 	: 200
[18-05-2018 16:26:42] PayPal\Core\PayPalHttpConnection : INFO: POST https://api.sandbox.paypal.com/v1/payments/payment
[18-05-2018 16:26:43] PayPal\Core\PayPalHttpConnection : INFO: Response Status 	: 201
[18-05-2018 16:30:35] PayPal\Core\PayPalHttpConnection : INFO: POST https://api.sandbox.paypal.com/v1/oauth2/token
[18-05-2018 16:30:35] PayPal\Core\PayPalHttpConnection : INFO: Response Status 	: 200
[18-05-2018 16:30:35] PayPal\Core\PayPalHttpConnection : INFO: POST https://api.sandbox.paypal.com/v1/payments/payment
[18-05-2018 16:30:36] PayPal\Core\PayPalHttpConnection : INFO: Response Status 	: 201
[18-05-2018 16:31:53] PayPal\Core\PayPalHttpConnection : INFO: POST https://api.sandbox.paypal.com/v1/oauth2/token
[18-05-2018 16:31:53] PayPal\Core\PayPalHttpConnection : INFO: Response Status 	: 200
[18-05-2018 16:31:53] PayPal\Core\PayPalHttpConnection : INFO: GET https://api.sandbox.paypal.com/v1/payments/payment/PAY-5G387345SE248542ELL7TP3A
[18-05-2018 16:31:54] PayPal\Core\PayPalHttpConnection : INFO: Response Status 	: 200
[18-05-2018 16:31:54] PayPal\Core\PayPalHttpConnection : INFO: GET https://api.sandbox.paypal.com/v1/payments/payment/PAY-5G387345SE248542ELL7TP3A
[18-05-2018 16:31:54] PayPal\Core\PayPalHttpConnection : INFO: Response Status 	: 200
[18-05-2018 16:31:54] PayPal\Core\PayPalHttpConnection : INFO: POST https://api.sandbox.paypal.com/v1/payments/payment/PAY-5G387345SE248542ELL7TP3A/execute
[18-05-2018 16:31:56] PayPal\Core\PayPalHttpConnection : INFO: Response Status 	: 200
[18-05-2018 16:31:56] PayPal\Core\PayPalHttpConnection : INFO: GET https://api.sandbox.paypal.com/v1/payments/payment/PAY-5G387345SE248542ELL7TP3A
[18-05-2018 16:31:57] PayPal\Core\PayPalHttpConnection : INFO: Response Status 	: 200
[18-05-2018 16:34:30] PayPal\Core\PayPalHttpConnection : INFO: POST https://api.sandbox.paypal.com/v1/oauth2/token
[18-05-2018 16:34:31] PayPal\Core\PayPalHttpConnection : INFO: Response Status 	: 200
[18-05-2018 16:34:31] PayPal\Core\PayPalHttpConnection : INFO: POST https://api.sandbox.paypal.com/v1/payments/payment
[18-05-2018 16:34:31] PayPal\Core\PayPalHttpConnection : INFO: Response Status 	: 201
[18-05-2018 16:35:04] PayPal\Core\PayPalHttpConnection : INFO: POST https://api.sandbox.paypal.com/v1/oauth2/token
[18-05-2018 16:35:04] PayPal\Core\PayPalHttpConnection : INFO: Response Status 	: 200
[18-05-2018 16:35:04] PayPal\Core\PayPalHttpConnection : INFO: GET https://api.sandbox.paypal.com/v1/payments/payment/PAY-7C091731JD543841KLL7TRVY
[18-05-2018 16:35:05] PayPal\Core\PayPalHttpConnection : INFO: Response Status 	: 200
[18-05-2018 16:35:05] PayPal\Core\PayPalHttpConnection : INFO: GET https://api.sandbox.paypal.com/v1/payments/payment/PAY-7C091731JD543841KLL7TRVY
[18-05-2018 16:35:05] PayPal\Core\PayPalHttpConnection : INFO: Response Status 	: 200
[18-05-2018 16:35:05] PayPal\Core\PayPalHttpConnection : INFO: POST https://api.sandbox.paypal.com/v1/payments/payment/PAY-7C091731JD543841KLL7TRVY/execute
[18-05-2018 16:35:07] PayPal\Core\PayPalHttpConnection : INFO: Response Status 	: 200
[18-05-2018 16:35:07] PayPal\Core\PayPalHttpConnection : INFO: GET https://api.sandbox.paypal.com/v1/payments/payment/PAY-7C091731JD543841KLL7TRVY
[18-05-2018 16:35:08] PayPal\Core\PayPalHttpConnection : INFO: Response Status 	: 200
[18-05-2018 16:37:29] PayPal\Core\PayPalHttpConnection : INFO: POST https://api.sandbox.paypal.com/v1/oauth2/token
[18-05-2018 16:37:30] PayPal\Core\PayPalHttpConnection : INFO: Response Status 	: 200
[18-05-2018 16:37:30] PayPal\Core\PayPalHttpConnection : INFO: POST https://api.sandbox.paypal.com/v1/payments/payment
[18-05-2018 16:37:31] PayPal\Core\PayPalHttpConnection : INFO: Response Status 	: 201
[18-05-2018 16:37:55] PayPal\Core\PayPalHttpConnection : INFO: POST https://api.sandbox.paypal.com/v1/oauth2/token
[18-05-2018 16:37:56] PayPal\Core\PayPalHttpConnection : INFO: Response Status 	: 200
[18-05-2018 16:37:56] PayPal\Core\PayPalHttpConnection : INFO: GET https://api.sandbox.paypal.com/v1/payments/payment/PAY-60916653P58986412LL7TTCY
[18-05-2018 16:37:56] PayPal\Core\PayPalHttpConnection : INFO: Response Status 	: 200
[18-05-2018 16:38:25] PayPal\Core\PayPalHttpConnection : INFO: POST https://api.sandbox.paypal.com/v1/oauth2/token
[18-05-2018 16:38:25] PayPal\Core\PayPalHttpConnection : INFO: Response Status 	: 200
[18-05-2018 16:38:25] PayPal\Core\PayPalHttpConnection : INFO: GET https://api.sandbox.paypal.com/v1/payments/payment/PAY-60916653P58986412LL7TTCY
[18-05-2018 16:38:26] PayPal\Core\PayPalHttpConnection : INFO: Response Status 	: 200
[18-05-2018 16:38:42] PayPal\Core\PayPalHttpConnection : INFO: POST https://api.sandbox.paypal.com/v1/oauth2/token
[18-05-2018 16:38:42] PayPal\Core\PayPalHttpConnection : INFO: Response Status 	: 200
[18-05-2018 16:38:42] PayPal\Core\PayPalHttpConnection : INFO: GET https://api.sandbox.paypal.com/v1/payments/payment/PAY-60916653P58986412LL7TTCY
[18-05-2018 16:38:43] PayPal\Core\PayPalHttpConnection : INFO: Response Status 	: 200
[18-05-2018 16:38:57] PayPal\Core\PayPalHttpConnection : INFO: POST https://api.sandbox.paypal.com/v1/oauth2/token
[18-05-2018 16:38:58] PayPal\Core\PayPalHttpConnection : INFO: Response Status 	: 200
[18-05-2018 16:38:58] PayPal\Core\PayPalHttpConnection : INFO: GET https://api.sandbox.paypal.com/v1/payments/payment/PAY-60916653P58986412LL7TTCY
[18-05-2018 16:38:58] PayPal\Core\PayPalHttpConnection : INFO: Response Status 	: 200
[18-05-2018 16:39:13] PayPal\Core\PayPalHttpConnection : INFO: POST https://api.sandbox.paypal.com/v1/oauth2/token
[18-05-2018 16:39:14] PayPal\Core\PayPalHttpConnection : INFO: Response Status 	: 200
[18-05-2018 16:39:14] PayPal\Core\PayPalHttpConnection : INFO: GET https://api.sandbox.paypal.com/v1/payments/payment/PAY-60916653P58986412LL7TTCY
[18-05-2018 16:39:14] PayPal\Core\PayPalHttpConnection : INFO: Response Status 	: 200
[18-05-2018 16:40:57] PayPal\Core\PayPalHttpConnection : INFO: POST https://api.sandbox.paypal.com/v1/oauth2/token
[18-05-2018 16:40:58] PayPal\Core\PayPalHttpConnection : INFO: Response Status 	: 200
[18-05-2018 16:40:58] PayPal\Core\PayPalHttpConnection : INFO: GET https://api.sandbox.paypal.com/v1/payments/payment/PAY-60916653P58986412LL7TTCY
[18-05-2018 16:40:58] PayPal\Core\PayPalHttpConnection : INFO: Response Status 	: 200
[18-05-2018 16:40:58] PayPal\Core\PayPalHttpConnection : INFO: GET https://api.sandbox.paypal.com/v1/payments/payment/PAY-60916653P58986412LL7TTCY
[18-05-2018 16:40:58] PayPal\Core\PayPalHttpConnection : INFO: Response Status 	: 200
[18-05-2018 16:40:58] PayPal\Core\PayPalHttpConnection : INFO: POST https://api.sandbox.paypal.com/v1/payments/payment/PAY-60916653P58986412LL7TTCY/execute
[18-05-2018 16:41:00] PayPal\Core\PayPalHttpConnection : INFO: Response Status 	: 200
[18-05-2018 16:41:00] PayPal\Core\PayPalHttpConnection : INFO: GET https://api.sandbox.paypal.com/v1/payments/payment/PAY-60916653P58986412LL7TTCY
[18-05-2018 16:41:00] PayPal\Core\PayPalHttpConnection : INFO: Response Status 	: 200
[18-05-2018 16:41:37] PayPal\Core\PayPalHttpConnection : INFO: POST https://api.sandbox.paypal.com/v1/oauth2/token
[18-05-2018 16:41:37] PayPal\Core\PayPalHttpConnection : INFO: Response Status 	: 200
[18-05-2018 16:41:37] PayPal\Core\PayPalHttpConnection : INFO: GET https://api.sandbox.paypal.com/v1/payments/payment/PAY-60916653P58986412LL7TTCY
[18-05-2018 16:41:38] PayPal\Core\PayPalHttpConnection : INFO: Response Status 	: 200
[18-05-2018 16:42:05] PayPal\Core\PayPalHttpConnection : INFO: POST https://api.sandbox.paypal.com/v1/oauth2/token
[18-05-2018 16:42:05] PayPal\Core\PayPalHttpConnection : INFO: Response Status 	: 200
[18-05-2018 16:42:05] PayPal\Core\PayPalHttpConnection : INFO: GET https://api.sandbox.paypal.com/v1/payments/payment/PAY-60916653P58986412LL7TTCY
[18-05-2018 16:42:06] PayPal\Core\PayPalHttpConnection : INFO: Response Status 	: 200
[18-05-2018 16:42:17] PayPal\Core\PayPalHttpConnection : INFO: POST https://api.sandbox.paypal.com/v1/oauth2/token
[18-05-2018 16:42:17] PayPal\Core\PayPalHttpConnection : INFO: Response Status 	: 200
[18-05-2018 16:42:17] PayPal\Core\PayPalHttpConnection : INFO: GET https://api.sandbox.paypal.com/v1/payments/payment/PAY-60916653P58986412LL7TTCY
[18-05-2018 16:42:18] PayPal\Core\PayPalHttpConnection : INFO: Response Status 	: 200
[18-05-2018 16:43:39] PayPal\Core\PayPalHttpConnection : INFO: POST https://api.sandbox.paypal.com/v1/oauth2/token
[18-05-2018 16:43:40] PayPal\Core\PayPalHttpConnection : INFO: Response Status 	: 200
[18-05-2018 16:43:40] PayPal\Core\PayPalHttpConnection : INFO: POST https://api.sandbox.paypal.com/v1/payments/payment
[18-05-2018 16:43:41] PayPal\Core\PayPalHttpConnection : INFO: Response Status 	: 201
[18-05-2018 16:44:03] PayPal\Core\PayPalHttpConnection : INFO: POST https://api.sandbox.paypal.com/v1/oauth2/token
[18-05-2018 16:44:03] PayPal\Core\PayPalHttpConnection : INFO: Response Status 	: 200
[18-05-2018 16:44:03] PayPal\Core\PayPalHttpConnection : INFO: GET https://api.sandbox.paypal.com/v1/payments/payment/PAY-0CL00172CX676860WLL7TV7A
[18-05-2018 16:44:04] PayPal\Core\PayPalHttpConnection : INFO: Response Status 	: 200
[18-05-2018 16:44:04] PayPal\Core\PayPalHttpConnection : INFO: GET https://api.sandbox.paypal.com/v1/payments/payment/PAY-0CL00172CX676860WLL7TV7A
[18-05-2018 16:44:04] PayPal\Core\PayPalHttpConnection : INFO: Response Status 	: 200
[18-05-2018 16:44:04] PayPal\Core\PayPalHttpConnection : INFO: POST https://api.sandbox.paypal.com/v1/payments/payment/PAY-0CL00172CX676860WLL7TV7A/execute
[18-05-2018 16:44:06] PayPal\Core\PayPalHttpConnection : INFO: Response Status 	: 200
[18-05-2018 16:44:06] PayPal\Core\PayPalHttpConnection : INFO: GET https://api.sandbox.paypal.com/v1/payments/payment/PAY-0CL00172CX676860WLL7TV7A
[18-05-2018 16:44:06] PayPal\Core\PayPalHttpConnection : INFO: Response Status 	: 200
[18-05-2018 16:47:00] PayPal\Core\PayPalHttpConnection : INFO: POST https://api.sandbox.paypal.com/v1/oauth2/token
[18-05-2018 16:47:00] PayPal\Core\PayPalHttpConnection : INFO: Response Status 	: 200
[18-05-2018 16:47:00] PayPal\Core\PayPalHttpConnection : INFO: POST https://api.sandbox.paypal.com/v1/payments/payment
[18-05-2018 16:47:01] PayPal\Core\PayPalHttpConnection : INFO: Response Status 	: 201
[18-05-2018 16:47:23] PayPal\Core\PayPalHttpConnection : INFO: POST https://api.sandbox.paypal.com/v1/oauth2/token
[18-05-2018 16:47:24] PayPal\Core\PayPalHttpConnection : INFO: Response Status 	: 200
[18-05-2018 16:47:24] PayPal\Core\PayPalHttpConnection : INFO: GET https://api.sandbox.paypal.com/v1/payments/payment/PAY-24N77939S7226792BLL7TXRI
[18-05-2018 16:47:24] PayPal\Core\PayPalHttpConnection : INFO: Response Status 	: 200
[18-05-2018 16:47:24] PayPal\Core\PayPalHttpConnection : INFO: GET https://api.sandbox.paypal.com/v1/payments/payment/PAY-24N77939S7226792BLL7TXRI
[18-05-2018 16:47:24] PayPal\Core\PayPalHttpConnection : INFO: Response Status 	: 200
[18-05-2018 16:47:24] PayPal\Core\PayPalHttpConnection : INFO: POST https://api.sandbox.paypal.com/v1/payments/payment/PAY-24N77939S7226792BLL7TXRI/execute
[18-05-2018 16:47:26] PayPal\Core\PayPalHttpConnection : INFO: Response Status 	: 200
[18-05-2018 16:47:26] PayPal\Core\PayPalHttpConnection : INFO: GET https://api.sandbox.paypal.com/v1/payments/payment/PAY-24N77939S7226792BLL7TXRI
[18-05-2018 16:47:26] PayPal\Core\PayPalHttpConnection : INFO: Response Status 	: 200
[18-05-2018 16:57:35] PayPal\Core\PayPalHttpConnection : INFO: POST https://api.paypal.com/v1/payments/payment
[18-05-2018 16:57:35] PayPal\Core\PayPalHttpConnection : INFO: Response Status 	: 201
[18-05-2018 16:59:15] PayPal\Core\PayPalHttpConnection : INFO: POST https://api.paypal.com/v1/payments/payment
[18-05-2018 16:59:16] PayPal\Core\PayPalHttpConnection : INFO: Response Status 	: 201
[18-05-2018 19:59:13] PayPal\Core\PayPalHttpConnection : INFO: POST https://api.paypal.com/v1/payments/payment
[18-05-2018 19:59:14] PayPal\Core\PayPalHttpConnection : INFO: Response Status 	: 201
[21-05-2018 11:03:19] PayPal\Core\PayPalHttpConnection : INFO: POST https://api.paypal.com/v1/oauth2/token
[21-05-2018 11:03:19] PayPal\Core\PayPalHttpConnection : INFO: Response Status 	: 200
[21-05-2018 11:03:19] PayPal\Core\PayPalHttpConnection : INFO: POST https://api.paypal.com/v1/payments/payment
[21-05-2018 11:03:20] PayPal\Core\PayPalHttpConnection : INFO: Response Status 	: 201
[21-05-2018 15:19:20] PayPal\Core\PayPalHttpConnection : INFO: POST https://api.paypal.com/v1/payments/payment
[21-05-2018 15:19:20] PayPal\Core\PayPalHttpConnection : INFO: Response Status 	: 201
[06-06-2018 17:04:17] PayPal\Core\PayPalHttpConnection : INFO: POST https://api.paypal.com/v1/oauth2/token
[06-06-2018 17:04:18] PayPal\Core\PayPalHttpConnection : INFO: Response Status 	: 200
[06-06-2018 17:04:18] PayPal\Core\PayPalHttpConnection : INFO: POST https://api.paypal.com/v1/payments/payment
[06-06-2018 17:04:19] PayPal\Core\PayPalHttpConnection : INFO: Response Status 	: 201
[06-06-2018 17:15:10] PayPal\Core\PayPalHttpConnection : INFO: POST https://api.paypal.com/v1/payments/payment
[06-06-2018 17:15:11] PayPal\Core\PayPalHttpConnection : INFO: Response Status 	: 201
[07-06-2018 08:54:51] PayPal\Core\PayPalHttpConnection : INFO: POST https://api.paypal.com/v1/oauth2/token
[07-06-2018 08:54:52] PayPal\Core\PayPalHttpConnection : INFO: Response Status 	: 200
[07-06-2018 08:54:52] PayPal\Core\PayPalHttpConnection : INFO: POST https://api.paypal.com/v1/payments/payment
[07-06-2018 08:54:52] PayPal\Core\PayPalHttpConnection : INFO: Response Status 	: 201
[07-06-2018 14:23:51] PayPal\Core\PayPalHttpConnection : INFO: POST https://api.paypal.com/v1/payments/payment
[07-06-2018 14:23:51] PayPal\Core\PayPalHttpConnection : INFO: Response Status 	: 201
[05-09-2018 18:40:21] PayPal\Core\PayPalHttpConnection : INFO: POST https://api.paypal.com/v1/oauth2/token
[05-09-2018 18:40:22] PayPal\Core\PayPalHttpConnection : INFO: Response Status 	: 200
[05-09-2018 18:40:22] PayPal\Core\PayPalHttpConnection : INFO: POST https://api.paypal.com/v1/payments/payment
[05-09-2018 18:40:22] PayPal\Core\PayPalHttpConnection : INFO: Response Status 	: 201
[28-11-2018 11:55:08] PayPal\Core\PayPalHttpConnection : INFO: POST https://api.paypal.com/v1/oauth2/token
[28-11-2018 11:55:09] PayPal\Core\PayPalHttpConnection : INFO: Response Status 	: 200
[28-11-2018 11:55:09] PayPal\Core\PayPalHttpConnection : INFO: POST https://api.paypal.com/v1/payments/payment
[28-11-2018 11:55:10] PayPal\Core\PayPalHttpConnection : INFO: Response Status 	: 201
[28-11-2018 11:55:17] PayPal\Core\PayPalHttpConnection : INFO: POST https://api.paypal.com/v1/payments/payment
[28-11-2018 11:55:18] PayPal\Core\PayPalHttpConnection : INFO: Response Status 	: 201
[28-11-2018 11:55:50] PayPal\Core\PayPalHttpConnection : INFO: POST https://api.paypal.com/v1/payments/payment
[28-11-2018 11:55:51] PayPal\Core\PayPalHttpConnection : INFO: Response Status 	: 201
[03-01-2019 15:17:44] PayPal\Core\PayPalHttpConnection : INFO: POST https://api.paypal.com/v1/oauth2/token
[03-01-2019 15:17:45] PayPal\Core\PayPalHttpConnection : INFO: Response Status 	: 200
[03-01-2019 15:17:45] PayPal\Core\PayPalHttpConnection : INFO: POST https://api.paypal.com/v1/payments/payment
[03-01-2019 15:17:46] PayPal\Core\PayPalHttpConnection : INFO: Response Status 	: 201
[03-01-2019 15:18:38] PayPal\Core\PayPalHttpConnection : INFO: POST https://api.paypal.com/v1/payments/payment
[03-01-2019 15:18:39] PayPal\Core\PayPalHttpConnection : INFO: Response Status 	: 201
[07-01-2019 16:19:18] PayPal\Core\PayPalHttpConnection : INFO: POST https://api.paypal.com/v1/oauth2/token
[07-01-2019 16:19:19] PayPal\Core\PayPalHttpConnection : INFO: Response Status 	: 200
[07-01-2019 16:19:19] PayPal\Core\PayPalHttpConnection : INFO: POST https://api.paypal.com/v1/payments/payment
[07-01-2019 16:19:20] PayPal\Core\PayPalHttpConnection : INFO: Response Status 	: 201
[05-02-2019 12:27:15] PayPal\Core\PayPalHttpConnection : INFO: POST https://api.paypal.com/v1/oauth2/token
[05-02-2019 12:27:16] PayPal\Core\PayPalHttpConnection : INFO: Response Status 	: 200
[05-02-2019 12:27:16] PayPal\Core\PayPalHttpConnection : INFO: POST https://api.paypal.com/v1/payments/payment
[05-02-2019 12:27:17] PayPal\Core\PayPalHttpConnection : INFO: Response Status 	: 201
[21-05-2019 08:45:12] PayPal\Core\PayPalHttpConnection : INFO: POST https://api.paypal.com/v1/oauth2/token
[21-05-2019 08:45:13] PayPal\Core\PayPalHttpConnection : INFO: Response Status 	: 200
[21-05-2019 08:45:13] PayPal\Core\PayPalHttpConnection : INFO: POST https://api.paypal.com/v1/payments/payment
[21-05-2019 08:45:14] PayPal\Core\PayPalHttpConnection : INFO: Response Status 	: 201
[21-05-2019 18:46:51] PayPal\Core\PayPalHttpConnection : INFO: POST https://api.paypal.com/v1/oauth2/token
[21-05-2019 18:46:52] PayPal\Core\PayPalHttpConnection : INFO: Response Status 	: 200
[21-05-2019 18:46:52] PayPal\Core\PayPalHttpConnection : INFO: POST https://api.paypal.com/v1/payments/payment
[21-05-2019 18:46:52] PayPal\Core\PayPalHttpConnection : INFO: Response Status 	: 201
[21-05-2019 18:57:13] PayPal\Core\PayPalHttpConnection : INFO: POST https://api.paypal.com/v1/payments/payment
[21-05-2019 18:57:14] PayPal\Core\PayPalHttpConnection : INFO: Response Status 	: 201
[21-05-2019 18:57:23] PayPal\Core\PayPalHttpConnection : INFO: POST https://api.paypal.com/v1/payments/payment
[21-05-2019 18:57:24] PayPal\Core\PayPalHttpConnection : INFO: Response Status 	: 201
[21-05-2019 18:57:38] PayPal\Core\PayPalHttpConnection : INFO: POST https://api.paypal.com/v1/payments/payment
[21-05-2019 18:57:39] PayPal\Core\PayPalHttpConnection : INFO: Response Status 	: 201
[21-05-2019 18:59:02] PayPal\Core\PayPalHttpConnection : INFO: POST https://api.paypal.com/v1/payments/payment
[21-05-2019 18:59:03] PayPal\Core\PayPalHttpConnection : INFO: Response Status 	: 201
[21-05-2019 18:59:11] PayPal\Core\PayPalHttpConnection : INFO: POST https://api.paypal.com/v1/payments/payment
[21-05-2019 18:59:12] PayPal\Core\PayPalHttpConnection : INFO: Response Status 	: 201
[21-05-2019 19:01:24] PayPal\Core\PayPalHttpConnection : INFO: POST https://api.paypal.com/v1/payments/payment
[21-05-2019 19:01:25] PayPal\Core\PayPalHttpConnection : INFO: Response Status 	: 201
[21-05-2019 19:03:07] PayPal\Core\PayPalHttpConnection : INFO: POST https://api.paypal.com/v1/payments/payment
[21-05-2019 19:03:08] PayPal\Core\PayPalHttpConnection : INFO: Response Status 	: 201
[21-05-2019 19:41:54] PayPal\Core\PayPalHttpConnection : INFO: POST https://api.paypal.com/v1/payments/payment
[21-05-2019 19:41:55] PayPal\Core\PayPalHttpConnection : INFO: Response Status 	: 201
[21-05-2019 19:42:00] PayPal\Core\PayPalHttpConnection : INFO: POST https://api.paypal.com/v1/payments/payment
[21-05-2019 19:42:01] PayPal\Core\PayPalHttpConnection : INFO: Response Status 	: 201
[21-05-2019 19:42:09] PayPal\Core\PayPalHttpConnection : INFO: POST https://api.paypal.com/v1/payments/payment
[21-05-2019 19:42:10] PayPal\Core\PayPalHttpConnection : INFO: Response Status 	: 201
[29-07-2019 09:23:38] PayPal\Core\PayPalHttpConnection : INFO: POST https://api.paypal.com/v1/oauth2/token
[29-07-2019 09:23:39] PayPal\Core\PayPalHttpConnection : INFO: Response Status 	: 200
[29-07-2019 09:23:39] PayPal\Core\PayPalHttpConnection : INFO: POST https://api.paypal.com/v1/payments/payment
[29-07-2019 09:23:39] PayPal\Core\PayPalHttpConnection : INFO: Response Status 	: 201
[09-08-2019 11:33:38] PayPal\Core\PayPalHttpConnection : INFO: POST https://api.paypal.com/v1/oauth2/token
[09-08-2019 11:33:39] PayPal\Core\PayPalHttpConnection : INFO: Response Status 	: 200
[09-08-2019 11:33:39] PayPal\Core\PayPalHttpConnection : INFO: POST https://api.paypal.com/v1/payments/payment
[09-08-2019 11:33:39] PayPal\Core\PayPalHttpConnection : INFO: Response Status 	: 201
[09-12-2019 12:17:02] PayPal\Core\PayPalHttpConnection : INFO: POST https://api.paypal.com/v1/oauth2/token
[09-12-2019 12:17:03] PayPal\Core\PayPalHttpConnection : INFO: Response Status 	: 200
[09-12-2019 12:17:03] PayPal\Core\PayPalHttpConnection : INFO: POST https://api.paypal.com/v1/payments/payment
[09-12-2019 12:17:04] PayPal\Core\PayPalHttpConnection : INFO: Response Status 	: 201
[07-02-2020 17:17:14] PayPal\Core\PayPalHttpConnection : INFO: POST https://api.paypal.com/v1/oauth2/token
[07-02-2020 17:17:15] PayPal\Core\PayPalHttpConnection : INFO: Response Status 	: 200
[07-02-2020 17:17:15] PayPal\Core\PayPalHttpConnection : INFO: POST https://api.paypal.com/v1/payments/payment
[07-02-2020 17:17:16] PayPal\Core\PayPalHttpConnection : INFO: Response Status 	: 201
